<?xml version="1.0" encoding="UTF-8"?>
<testng-results skipped="0" failed="0" ignored="1" total="6" passed="5">
  <reporter-output>
  </reporter-output>
  <suite name="Suite" duration-ms="83" started-at="2019-06-02T16:05:39Z" finished-at="2019-06-02T16:05:40Z">
    <groups>
      <group name="1">
        <method signature="Groups.f()[pri:0, instance:TestNg.Groups@3a82f6ef]" name="f" class="TestNg.Groups"/>
        <method signature="Groups.f1()[pri:0, instance:TestNg.Groups@3a82f6ef]" name="f1" class="TestNg.Groups"/>
        <method signature="Groups.f4()[pri:0, instance:TestNg.Groups@3a82f6ef]" name="f4" class="TestNg.Groups"/>
      </group> <!-- 1 -->
      <group name="2">
        <method signature="Groups.f2()[pri:0, instance:TestNg.Groups@3a82f6ef]" name="f2" class="TestNg.Groups"/>
        <method signature="Groups.f3()[pri:0, instance:TestNg.Groups@3a82f6ef]" name="f3" class="TestNg.Groups"/>
        <method signature="Groups.f4()[pri:0, instance:TestNg.Groups@3a82f6ef]" name="f4" class="TestNg.Groups"/>
      </group> <!-- 2 -->
    </groups>
    <test name="Test" duration-ms="83" started-at="2019-06-02T16:05:39Z" finished-at="2019-06-02T16:05:40Z">
      <class name="TestNg.Groups">
        <test-method status="PASS" signature="f()[pri:0, instance:TestNg.Groups@3a82f6ef]" name="f" duration-ms="17" started-at="2019-06-02T16:05:39Z" finished-at="2019-06-02T16:05:39Z">
          <reporter-output>
          </reporter-output>
        </test-method> <!-- f -->
        <test-method status="PASS" signature="f1()[pri:0, instance:TestNg.Groups@3a82f6ef]" name="f1" duration-ms="2" started-at="2019-06-02T16:05:40Z" finished-at="2019-06-02T16:05:40Z">
          <reporter-output>
          </reporter-output>
        </test-method> <!-- f1 -->
        <test-method status="PASS" signature="f2()[pri:0, instance:TestNg.Groups@3a82f6ef]" name="f2" duration-ms="2" started-at="2019-06-02T16:05:40Z" finished-at="2019-06-02T16:05:40Z">
          <reporter-output>
          </reporter-output>
        </test-method> <!-- f2 -->
        <test-method status="PASS" signature="f3()[pri:0, instance:TestNg.Groups@3a82f6ef]" name="f3" duration-ms="3" started-at="2019-06-02T16:05:40Z" finished-at="2019-06-02T16:05:40Z">
          <reporter-output>
          </reporter-output>
        </test-method> <!-- f3 -->
        <test-method status="PASS" signature="f4()[pri:0, instance:TestNg.Groups@3a82f6ef]" name="f4" duration-ms="3" started-at="2019-06-02T16:05:40Z" finished-at="2019-06-02T16:05:40Z">
          <reporter-output>
          </reporter-output>
        </test-method> <!-- f4 -->
      </class> <!-- TestNg.Groups -->
    </test> <!-- Test -->
  </suite> <!-- Suite -->
</testng-results>
