<?xml version="1.0" encoding="UTF-8"?>
<!-- Generated by org.testng.reporters.JUnitXMLReporter -->
<testsuite hostname="Shashi-PC" ignored="0" name="Default test" tests="6" failures="0" timestamp="02 Jun 2019 16:00:45 GMT" time="0.093" errors="0">
  <testcase name="f" time="0.02" classname="TestNg.Groups"/>
  <testcase name="f1" time="0.003" classname="TestNg.Groups"/>
  <testcase name="f4" time="0.005" classname="TestNg.Groups"/>
  <testcase name="f2" time="0.001" classname="TestNg.Groups"/>
  <testcase name="f3" time="0.003" classname="TestNg.Groups"/>
  <testcase name="dependsOnGroup" time="0.002" classname="TestNg.Groups"/>
</testsuite> <!-- Default test -->
