<?xml version="1.0" encoding="UTF-8"?>
<!-- Generated by org.testng.reporters.JUnitXMLReporter -->
<testsuite hostname="Shashi-PC" ignored="0" name="Default test" tests="5" failures="0" timestamp="22 May 2019 16:38:56 GMT" time="0.096" errors="0">
  <testcase name="f" time="0.024" classname="TestNg.test.Groups"/>
  <testcase name="f1" time="0.002" classname="TestNg.test.Groups"/>
  <testcase name="f2" time="0.003" classname="TestNg.test.Groups"/>
  <testcase name="f3" time="0.002" classname="TestNg.test.Groups"/>
  <testcase name="f4" time="0.002" classname="TestNg.test.Groups"/>
</testsuite> <!-- Default test -->
