<?xml version="1.0" encoding="UTF-8"?>
<!-- Generated by org.testng.reporters.JUnitXMLReporter -->
<testsuite hostname="Shashi-PC" ignored="2" name="Test" tests="3" failures="0" timestamp="22 May 2019 16:40:32 GMT" time="0.09" errors="0">
  <testcase name="f" time="0.022" classname="TestNg.test.Groups"/>
  <testcase name="f1" time="0.002" classname="TestNg.test.Groups"/>
  <testcase name="f4" time="0.002" classname="TestNg.test.Groups"/>
  <testcase name="f2" time="0.0" classname="TestNg.test.Groups">
    <ignored/>
  </testcase> <!-- f2 -->
  <testcase name="f3" time="0.0" classname="TestNg.test.Groups">
    <ignored/>
  </testcase> <!-- f3 -->
</testsuite> <!-- Test -->
