<?xml version="1.0" encoding="UTF-8"?>
<!-- Generated by org.testng.reporters.JUnitXMLReporter -->
<testsuite hostname="Shashi-PC" ignored="1" name="Test" tests="5" failures="0" timestamp="02 Jun 2019 16:05:40 GMT" time="0.083" errors="0">
  <testcase name="f" time="0.017" classname="TestNg.Groups"/>
  <testcase name="f1" time="0.002" classname="TestNg.Groups"/>
  <testcase name="f2" time="0.002" classname="TestNg.Groups"/>
  <testcase name="f3" time="0.003" classname="TestNg.Groups"/>
  <testcase name="f4" time="0.003" classname="TestNg.Groups"/>
  <testcase name="dependsOnGroup" time="0.0" classname="TestNg.Groups">
    <ignored/>
  </testcase> <!-- dependsOnGroup -->
</testsuite> <!-- Test -->
